[7002] 21 Oct 04:18:09.698 # Warning: no config file specified, using the default config. In order to specify a config file use redis-server /path/to/redis.conf
[7002] 21 Oct 04:18:09.699 * Max number of open files set to 10032
[7002] 21 Oct 04:18:09.700 # Warning: 32 bit instance detected but no memory limit set. Setting 3 GB maxmemory limit with 'noeviction' policy now.
                _._                                                  
           _.-``__ ''-._                                             
      _.-``    `.  `_.  ''-._           Redis 2.6.16 (00000000/0) 32 bit
  .-`` .-```.  ```\/    _.,_ ''-._                                   
 (    '      ,       .-`  | `,    )     Running in stand alone mode
 |`-._`-...-` __...-.``-._|'` _.-'|     Port: 6379
 |    `-._   `._    /     _.-'    |     PID: 7002
  `-._    `-._  `-./  _.-'    _.-'                                   
 |`-._`-._    `-.__.-'    _.-'_.-'|                                  
 |    `-._`-._        _.-'_.-'    |           http://redis.io        
  `-._    `-._`-.__.-'_.-'    _.-'                                   
 |`-._`-._    `-.__.-'    _.-'_.-'|                                  
 |    `-._`-._        _.-'_.-'    |                                  
  `-._    `-._`-.__.-'_.-'    _.-'                                   
      `-._    `-.__.-'    _.-'                                       
          `-._        _.-'                                           
              `-.__.-'                                               

[7002] 21 Oct 04:18:09.703 # Server started, Redis version 2.6.16
[7002] 21 Oct 04:18:09.703 # WARNING overcommit_memory is set to 0! Background save may fail under low memory condition. To fix this issue add 'vm.overcommit_memory = 1' to /etc/sysctl.conf and then reboot or run the command 'sysctl vm.overcommit_memory=1' for this to take effect.
[7002] 21 Oct 04:18:09.703 * The server is now ready to accept connections on port 6379
[7011] 21 Oct 04:20:01.085 # Warning: no config file specified, using the default config. In order to specify a config file use redis-server /path/to/redis.conf
[7011] 21 Oct 04:20:01.086 * Max number of open files set to 10032
[7011] 21 Oct 04:20:01.087 # Opening port 6379: bind: Address already in use
[7012] 21 Oct 04:20:14.720 # Warning: no config file specified, using the default config. In order to specify a config file use redis-server /path/to/redis.conf
[7012] 21 Oct 04:20:14.721 * Max number of open files set to 10032
[7012] 21 Oct 04:20:14.721 # Opening port 6379: bind: Address already in use
mongod --help for help and startup options
Mon Oct 21 04:21:14.936 
Mon Oct 21 04:21:14.936 warning: 32-bit servers don't have journaling enabled by default. Please use --journal if you want durability.
Mon Oct 21 04:21:14.936 
Mon Oct 21 04:21:14.957 [initandlisten] MongoDB starting : pid=7016 port=27017 dbpath=/data/db/ 32-bit host=imiui
Mon Oct 21 04:21:14.957 [initandlisten] 
Mon Oct 21 04:21:14.957 [initandlisten] ** NOTE: This is a 32 bit MongoDB binary.
Mon Oct 21 04:21:14.957 [initandlisten] **       32 bit builds are limited to less than 2GB of data (or less with --journal).
Mon Oct 21 04:21:14.957 [initandlisten] **       Note that journaling defaults to off for 32 bit and is currently off.
Mon Oct 21 04:21:14.957 [initandlisten] **       See http://dochub.mongodb.org/core/32bit
Mon Oct 21 04:21:14.957 [initandlisten] 
Mon Oct 21 04:21:14.957 [initandlisten] db version v2.4.6
Mon Oct 21 04:21:14.957 [initandlisten] git version: nogitversion
Mon Oct 21 04:21:14.957 [initandlisten] build info: Linux var-lib-archbuild-extra-i686-fyan 3.10.5-1-ARCH #1 SMP PREEMPT Mon Aug 5 08:04:22 CEST 2013 i686 BOOST_LIB_VERSION=1_54
Mon Oct 21 04:21:14.957 [initandlisten] allocator: system
Mon Oct 21 04:21:14.957 [initandlisten] options: {}
Mon Oct 21 04:21:14.968 [initandlisten] exception in initAndListen: 10296 
*********************************************************************
 ERROR: dbpath (/data/db/) does not exist.
 Create this directory or give existing directory in --dbpath.
 See http://dochub.mongodb.org/core/startingandstoppingmongo
*********************************************************************
, terminating
Mon Oct 21 04:21:14.968 dbexit: 
Mon Oct 21 04:21:14.968 [initandlisten] shutdown: going to close listening sockets...
Mon Oct 21 04:21:14.968 [initandlisten] shutdown: going to flush diaglog...
Mon Oct 21 04:21:14.968 [initandlisten] shutdown: going to close sockets...
Mon Oct 21 04:21:14.968 [initandlisten] shutdown: waiting for fs preallocator...
Mon Oct 21 04:21:14.968 [initandlisten] shutdown: closing all files...
Mon Oct 21 04:21:14.968 [initandlisten] closeAllFiles() finished
Mon Oct 21 04:21:14.968 dbexit: really exiting now

> jsgen@0.6.6 start /root/jsgen
> node app.js

rrestjs process 7087 Checking config file starting...
rrestjs process 7087 Config file checking complete, errors:0/72, warns:0/72
========================================================================================
=  Please ensure that you set the default write concern for the database by setting    =
=   one of the options                                                                 =
=                                                                                      =
=     w: (value of > -1 or the string 'majority'), where < 1 means                     =
=        no write acknowlegement                                                       =
=     journal: true/false, wait for flush to journal before acknowlegement             =
=     fsync: true/false, wait for flush to file system before acknowlegement           =
=                                                                                      =
=  For backward compatibility safe is still supported and                              =
=   allows values of [true | false | {j:true} | {w:n, wtimeout:n} | {fsync:true}]      =
=   the default value is false which means the driver receives does not                =
=   return the information of the success/error of the insert/update/remove            =
=                                                                                      =
=   ex: new Db(new Server('localhost', 27017), {safe:false})                           =
=                                                                                      =
=   http://www.mongodb.org/display/DOCS/getLastError+Command                           =
=                                                                                      =
=  The default of no acknowlegement will change in the very near future                =
=                                                                                      =
=  This message will disappear when the default safe is set on the driver Db           =
========================================================================================
Redis connected: 127.0.0.1:6379, DB: 1
Redis connected: 127.0.0.1:6379, DB: 2
Redis connected: 127.0.0.1:6379, DB: 3
jsGen start!
path.exists is now called `fs.exists`.

> jsgen@0.6.6 start /root/jsgen
> node app.js

rrestjs process 21774 Checking config file starting...
rrestjs process 21774 Config file checking complete, errors:0/72, warns:0/72
========================================================================================
=  Please ensure that you set the default write concern for the database by setting    =
=   one of the options                                                                 =
=                                                                                      =
=     w: (value of > -1 or the string 'majority'), where < 1 means                     =
=        no write acknowlegement                                                       =
=     journal: true/false, wait for flush to journal before acknowlegement             =
=     fsync: true/false, wait for flush to file system before acknowlegement           =
=                                                                                      =
=  For backward compatibility safe is still supported and                              =
=   allows values of [true | false | {j:true} | {w:n, wtimeout:n} | {fsync:true}]      =
=   the default value is false which means the driver receives does not                =
=   return the information of the success/error of the insert/update/remove            =
=                                                                                      =
=   ex: new Db(new Server('localhost', 27017), {safe:false})                           =
=                                                                                      =
=   http://www.mongodb.org/display/DOCS/getLastError+Command                           =
=                                                                                      =
=  The default of no acknowlegement will change in the very near future                =
=                                                                                      =
=  This message will disappear when the default safe is set on the driver Db           =
========================================================================================
Redis connected: 127.0.0.1:6379, DB: 1
Redis connected: 127.0.0.1:6379, DB: 2
Redis connected: 127.0.0.1:6379, DB: 3
jsGen start!
npm ERR! weird error 143
npm ERR! not ok code 0
npm ERR! weird error 143
npm ERR! not ok code 0

> jsgen@0.6.6 start /root/jsgen
> node app.js

rrestjs process 21864 Checking config file starting...
rrestjs process 21864 Config file checking complete, errors:0/72, warns:0/72
========================================================================================
=  Please ensure that you set the default write concern for the database by setting    =
=   one of the options                                                                 =
=                                                                                      =
=     w: (value of > -1 or the string 'majority'), where < 1 means                     =
=        no write acknowlegement                                                       =
=     journal: true/false, wait for flush to journal before acknowlegement             =
=     fsync: true/false, wait for flush to file system before acknowlegement           =
=                                                                                      =
=  For backward compatibility safe is still supported and                              =
=   allows values of [true | false | {j:true} | {w:n, wtimeout:n} | {fsync:true}]      =
=   the default value is false which means the driver receives does not                =
=   return the information of the success/error of the insert/update/remove            =
=                                                                                      =
=   ex: new Db(new Server('localhost', 27017), {safe:false})                           =
=                                                                                      =
=   http://www.mongodb.org/display/DOCS/getLastError+Command                           =
=                                                                                      =
=  The default of no acknowlegement will change in the very near future                =
=                                                                                      =
=  This message will disappear when the default safe is set on the driver Db           =
========================================================================================
Redis connected: 127.0.0.1:6379, DB: 1
Redis connected: 127.0.0.1:6379, DB: 2
Redis connected: 127.0.0.1:6379, DB: 3
jsGen start!

> jsgen@0.6.6 start /root/jsgen
> node app.js

rrestjs process 314 Checking config file starting...
rrestjs process 314 Config file checking complete, errors:0/72, warns:0/72
========================================================================================
=  Please ensure that you set the default write concern for the database by setting    =
=   one of the options                                                                 =
=                                                                                      =
=     w: (value of > -1 or the string 'majority'), where < 1 means                     =
=        no write acknowlegement                                                       =
=     journal: true/false, wait for flush to journal before acknowlegement             =
=     fsync: true/false, wait for flush to file system before acknowlegement           =
=                                                                                      =
=  For backward compatibility safe is still supported and                              =
=   allows values of [true | false | {j:true} | {w:n, wtimeout:n} | {fsync:true}]      =
=   the default value is false which means the driver receives does not                =
=   return the information of the success/error of the insert/update/remove            =
=                                                                                      =
=   ex: new Db(new Server('localhost', 27017), {safe:false})                           =
=                                                                                      =
=   http://www.mongodb.org/display/DOCS/getLastError+Command                           =
=                                                                                      =
=  The default of no acknowlegement will change in the very near future                =
=                                                                                      =
=  This message will disappear when the default safe is set on the driver Db           =
========================================================================================
Redis connected: 127.0.0.1:6379, DB: 1
Redis connected: 127.0.0.1:6379, DB: 2
Redis connected: 127.0.0.1:6379, DB: 3
redis cache rebuild success!
jsGen start!
npm ERR! weird error 143
npm ERR! not ok code 0
